{"C:\\Users\\JankJ\\Documents\\GitHub\\jkws-server\\src\\handlers.js": {"path":"C:\\Users\\JankJ\\Documents\\GitHub\\jkws-server\\src\\handlers.js","statementMap":{"0":{"start":{"line":1,"column":20},"end":{"line":1,"column":35}},"1":{"start":{"line":3,"column":17},"end":{"line":3,"column":38}},"2":{"start":{"line":6,"column":15},"end":{"line":6,"column":58}},"3":{"start":{"line":7,"column":2},"end":{"line":7,"column":36}},"4":{"start":{"line":11,"column":22},"end":{"line":11,"column":31}},"5":{"start":{"line":13,"column":17},"end":{"line":13,"column":21}},"6":{"start":{"line":14,"column":2},"end":{"line":26,"column":3}},"7":{"start":{"line":15,"column":4},"end":{"line":15,"column":42}},"8":{"start":{"line":16,"column":4},"end":{"line":18,"column":5}},"9":{"start":{"line":17,"column":6},"end":{"line":17,"column":73}},"10":{"start":{"line":20,"column":4},"end":{"line":20,"column":44}},"11":{"start":{"line":21,"column":4},"end":{"line":25,"column":5}},"12":{"start":{"line":22,"column":6},"end":{"line":24,"column":63}},"13":{"start":{"line":29,"column":14},"end":{"line":29,"column":43}},"14":{"start":{"line":32,"column":19},"end":{"line":32,"column":56}},"15":{"start":{"line":33,"column":18},"end":{"line":38,"column":3}},"16":{"start":{"line":41,"column":14},"end":{"line":43,"column":30}},"17":{"start":{"line":46,"column":2},"end":{"line":46,"column":46}},"18":{"start":{"line":49,"column":0},"end":{"line":52,"column":2}}},"fnMap":{"0":{"name":"jwksHandler","decl":{"start":{"line":5,"column":15},"end":{"line":5,"column":26}},"loc":{"start":{"line":5,"column":37},"end":{"line":8,"column":1}},"line":5},"1":{"name":"authHandler","decl":{"start":{"line":10,"column":15},"end":{"line":10,"column":26}},"loc":{"start":{"line":10,"column":37},"end":{"line":47,"column":1}},"line":10}},"branchMap":{"0":{"loc":{"start":{"line":14,"column":2},"end":{"line":26,"column":3}},"type":"if","locations":[{"start":{"line":14,"column":2},"end":{"line":26,"column":3}},{"start":{"line":19,"column":9},"end":{"line":26,"column":3}}],"line":14},"1":{"loc":{"start":{"line":16,"column":4},"end":{"line":18,"column":5}},"type":"if","locations":[{"start":{"line":16,"column":4},"end":{"line":18,"column":5}},{"start":{},"end":{}}],"line":16},"2":{"loc":{"start":{"line":21,"column":4},"end":{"line":25,"column":5}},"type":"if","locations":[{"start":{"line":21,"column":4},"end":{"line":25,"column":5}},{"start":{},"end":{}}],"line":21}},"s":{"0":3,"1":3,"2":4,"3":4,"4":4,"5":4,"6":4,"7":2,"8":2,"9":1,"10":2,"11":2,"12":1,"13":2,"14":2,"15":2,"16":2,"17":2,"18":3},"f":{"0":4,"1":4},"b":{"0":[2,2],"1":[1,1],"2":[1,1]},"_coverageSchema":"1a1c01bbd47fc00a2c39e90264f33305004495a9","hash":"863eb7f8d6e600b6a09d964a8ce4946c96d33357"}
,"C:\\Users\\JankJ\\Documents\\GitHub\\jkws-server\\src\\index.js": {"path":"C:\\Users\\JankJ\\Documents\\GitHub\\jkws-server\\src\\index.js","statementMap":{"0":{"start":{"line":3,"column":16},"end":{"line":3,"column":34}},"1":{"start":{"line":5,"column":17},"end":{"line":5,"column":38}},"2":{"start":{"line":6,"column":37},"end":{"line":6,"column":58}},"3":{"start":{"line":8,"column":13},"end":{"line":8,"column":37}},"4":{"start":{"line":11,"column":2},"end":{"line":11,"column":24}},"5":{"start":{"line":13,"column":14},"end":{"line":13,"column":23}},"6":{"start":{"line":14,"column":2},"end":{"line":14,"column":26}},"7":{"start":{"line":17,"column":2},"end":{"line":17,"column":49}},"8":{"start":{"line":18,"column":2},"end":{"line":18,"column":32}},"9":{"start":{"line":19,"column":2},"end":{"line":21,"column":5}},"10":{"start":{"line":20,"column":4},"end":{"line":20,"column":58}},"11":{"start":{"line":24,"column":2},"end":{"line":24,"column":33}},"12":{"start":{"line":25,"column":2},"end":{"line":27,"column":5}},"13":{"start":{"line":26,"column":4},"end":{"line":26,"column":58}},"14":{"start":{"line":30,"column":2},"end":{"line":30,"column":75}},"15":{"start":{"line":30,"column":35},"end":{"line":30,"column":73}},"16":{"start":{"line":31,"column":2},"end":{"line":31,"column":90}},"17":{"start":{"line":31,"column":35},"end":{"line":31,"column":88}},"18":{"start":{"line":33,"column":2},"end":{"line":33,"column":13}},"19":{"start":{"line":47,"column":0},"end":{"line":47,"column":31}}},"fnMap":{"0":{"name":"createApp","decl":{"start":{"line":10,"column":15},"end":{"line":10,"column":24}},"loc":{"start":{"line":10,"column":27},"end":{"line":34,"column":1}},"line":10},"1":{"name":"(anonymous_1)","decl":{"start":{"line":19,"column":47},"end":{"line":19,"column":48}},"loc":{"start":{"line":19,"column":61},"end":{"line":21,"column":3}},"line":19},"2":{"name":"(anonymous_2)","decl":{"start":{"line":25,"column":19},"end":{"line":25,"column":20}},"loc":{"start":{"line":25,"column":33},"end":{"line":27,"column":3}},"line":25},"3":{"name":"(anonymous_3)","decl":{"start":{"line":30,"column":21},"end":{"line":30,"column":22}},"loc":{"start":{"line":30,"column":35},"end":{"line":30,"column":73}},"line":30},"4":{"name":"(anonymous_4)","decl":{"start":{"line":31,"column":21},"end":{"line":31,"column":22}},"loc":{"start":{"line":31,"column":35},"end":{"line":31,"column":88}},"line":31}},"branchMap":{"0":{"loc":{"start":{"line":8,"column":13},"end":{"line":8,"column":37}},"type":"binary-expr","locations":[{"start":{"line":8,"column":13},"end":{"line":8,"column":29}},{"start":{"line":8,"column":33},"end":{"line":8,"column":37}}],"line":8}},"s":{"0":3,"1":3,"2":3,"3":3,"4":3,"5":3,"6":3,"7":3,"8":3,"9":3,"10":2,"11":3,"12":3,"13":1,"14":3,"15":1,"16":3,"17":1,"18":3,"19":3},"f":{"0":3,"1":2,"2":1,"3":1,"4":1},"b":{"0":[3,3]},"_coverageSchema":"1a1c01bbd47fc00a2c39e90264f33305004495a9","hash":"dd7eb2647ac5b9b0452d6693e41fe40e8c576515"}
,"C:\\Users\\JankJ\\Documents\\GitHub\\jkws-server\\src\\keystore.js": {"path":"C:\\Users\\JankJ\\Documents\\GitHub\\jkws-server\\src\\keystore.js","statementMap":{"0":{"start":{"line":1,"column":39},"end":{"line":1,"column":54}},"1":{"start":{"line":3,"column":18},"end":{"line":3,"column":36}},"2":{"start":{"line":4,"column":17},"end":{"line":4,"column":31}},"3":{"start":{"line":7,"column":17},"end":{"line":7,"column":19}},"4":{"start":{"line":11,"column":36},"end":{"line":11,"column":66}},"5":{"start":{"line":12,"column":20},"end":{"line":12,"column":46}},"6":{"start":{"line":13,"column":2},"end":{"line":13,"column":22}},"7":{"start":{"line":14,"column":2},"end":{"line":14,"column":26}},"8":{"start":{"line":15,"column":2},"end":{"line":15,"column":24}},"9":{"start":{"line":17,"column":2},"end":{"line":19,"column":5}},"10":{"start":{"line":24,"column":2},"end":{"line":24,"column":22}},"11":{"start":{"line":25,"column":14},"end":{"line":25,"column":24}},"12":{"start":{"line":26,"column":2},"end":{"line":26,"column":51}},"13":{"start":{"line":27,"column":2},"end":{"line":27,"column":54}},"14":{"start":{"line":32,"column":14},"end":{"line":32,"column":24}},"15":{"start":{"line":33,"column":2},"end":{"line":33,"column":75}},"16":{"start":{"line":33,"column":32},"end":{"line":33,"column":49}},"17":{"start":{"line":33,"column":62},"end":{"line":33,"column":73}},"18":{"start":{"line":38,"column":2},"end":{"line":38,"column":45}},"19":{"start":{"line":38,"column":30},"end":{"line":38,"column":43}},"20":{"start":{"line":43,"column":14},"end":{"line":43,"column":24}},"21":{"start":{"line":44,"column":2},"end":{"line":44,"column":50}},"22":{"start":{"line":44,"column":30},"end":{"line":44,"column":48}},"23":{"start":{"line":49,"column":14},"end":{"line":49,"column":24}},"24":{"start":{"line":50,"column":2},"end":{"line":50,"column":49}},"25":{"start":{"line":50,"column":30},"end":{"line":50,"column":47}},"26":{"start":{"line":53,"column":0},"end":{"line":59,"column":2}}},"fnMap":{"0":{"name":"registerKey","decl":{"start":{"line":10,"column":15},"end":{"line":10,"column":26}},"loc":{"start":{"line":10,"column":43},"end":{"line":20,"column":1}},"line":10},"1":{"name":"init","decl":{"start":{"line":23,"column":15},"end":{"line":23,"column":19}},"loc":{"start":{"line":23,"column":22},"end":{"line":28,"column":1}},"line":23},"2":{"name":"getUnexpiredPublicJwks","decl":{"start":{"line":31,"column":9},"end":{"line":31,"column":31}},"loc":{"start":{"line":31,"column":34},"end":{"line":34,"column":1}},"line":31},"3":{"name":"(anonymous_3)","decl":{"start":{"line":33,"column":25},"end":{"line":33,"column":26}},"loc":{"start":{"line":33,"column":32},"end":{"line":33,"column":49}},"line":33},"4":{"name":"(anonymous_4)","decl":{"start":{"line":33,"column":55},"end":{"line":33,"column":56}},"loc":{"start":{"line":33,"column":62},"end":{"line":33,"column":73}},"line":33},"5":{"name":"findKeyByKid","decl":{"start":{"line":37,"column":9},"end":{"line":37,"column":21}},"loc":{"start":{"line":37,"column":27},"end":{"line":39,"column":1}},"line":37},"6":{"name":"(anonymous_6)","decl":{"start":{"line":38,"column":23},"end":{"line":38,"column":24}},"loc":{"start":{"line":38,"column":30},"end":{"line":38,"column":43}},"line":38},"7":{"name":"getAnExpiredKey","decl":{"start":{"line":42,"column":9},"end":{"line":42,"column":24}},"loc":{"start":{"line":42,"column":27},"end":{"line":45,"column":1}},"line":42},"8":{"name":"(anonymous_8)","decl":{"start":{"line":44,"column":23},"end":{"line":44,"column":24}},"loc":{"start":{"line":44,"column":30},"end":{"line":44,"column":48}},"line":44},"9":{"name":"getAnUnexpiredKey","decl":{"start":{"line":48,"column":9},"end":{"line":48,"column":26}},"loc":{"start":{"line":48,"column":29},"end":{"line":51,"column":1}},"line":48},"10":{"name":"(anonymous_10)","decl":{"start":{"line":50,"column":23},"end":{"line":50,"column":24}},"loc":{"start":{"line":50,"column":30},"end":{"line":50,"column":47}},"line":50}},"branchMap":{},"s":{"0":3,"1":3,"2":3,"3":3,"4":6,"5":6,"6":6,"7":6,"8":6,"9":6,"10":3,"11":3,"12":3,"13":3,"14":4,"15":4,"16":8,"17":4,"18":0,"19":0,"20":1,"21":1,"22":2,"23":1,"24":1,"25":1,"26":3},"f":{"0":6,"1":3,"2":4,"3":8,"4":4,"5":0,"6":0,"7":1,"8":2,"9":1,"10":1},"b":{},"_coverageSchema":"1a1c01bbd47fc00a2c39e90264f33305004495a9","hash":"68dcd4c7e0eb6cac34cb42d30afd5001ad8797bd"}
}
