TN:
SF:src\handlers.js
FN:5,jwksHandler
FN:10,authHandler
FNF:2
FNH:2
FNDA:4,jwksHandler
FNDA:4,authHandler
DA:1,3
DA:3,3
DA:6,4
DA:7,4
DA:11,4
DA:13,4
DA:14,4
DA:15,2
DA:16,2
DA:17,1
DA:20,2
DA:21,2
DA:22,1
DA:29,2
DA:32,2
DA:33,2
DA:41,2
DA:46,2
DA:49,3
LF:19
LH:19
BRDA:14,0,0,2
BRDA:14,0,1,2
BRDA:16,1,0,1
BRDA:16,1,1,1
BRDA:21,2,0,1
BRDA:21,2,1,1
BRF:6
BRH:6
end_of_record
TN:
SF:src\index.js
FN:10,createApp
FN:19,(anonymous_1)
FN:25,(anonymous_2)
FN:30,(anonymous_3)
FN:31,(anonymous_4)
FNF:5
FNH:5
FNDA:3,createApp
FNDA:2,(anonymous_1)
FNDA:1,(anonymous_2)
FNDA:1,(anonymous_3)
FNDA:1,(anonymous_4)
DA:3,3
DA:5,3
DA:6,3
DA:8,3
DA:11,3
DA:13,3
DA:14,3
DA:17,3
DA:18,3
DA:19,3
DA:20,2
DA:24,3
DA:25,3
DA:26,1
DA:30,3
DA:31,3
DA:33,3
DA:47,3
LF:18
LH:18
BRDA:8,0,0,3
BRDA:8,0,1,3
BRF:2
BRH:2
end_of_record
TN:
SF:src\keystore.js
FN:10,registerKey
FN:23,init
FN:31,getUnexpiredPublicJwks
FN:33,(anonymous_3)
FN:33,(anonymous_4)
FN:37,findKeyByKid
FN:38,(anonymous_6)
FN:42,getAnExpiredKey
FN:44,(anonymous_8)
FN:48,getAnUnexpiredKey
FN:50,(anonymous_10)
FNF:11
FNH:9
FNDA:6,registerKey
FNDA:3,init
FNDA:4,getUnexpiredPublicJwks
FNDA:8,(anonymous_3)
FNDA:4,(anonymous_4)
FNDA:0,findKeyByKid
FNDA:0,(anonymous_6)
FNDA:1,getAnExpiredKey
FNDA:2,(anonymous_8)
FNDA:1,getAnUnexpiredKey
FNDA:1,(anonymous_10)
DA:1,3
DA:3,3
DA:4,3
DA:7,3
DA:11,6
DA:12,6
DA:13,6
DA:14,6
DA:15,6
DA:17,6
DA:24,3
DA:25,3
DA:26,3
DA:27,3
DA:32,4
DA:33,8
DA:38,0
DA:43,1
DA:44,2
DA:49,1
DA:50,1
DA:53,3
LF:22
LH:21
BRF:0
BRH:0
end_of_record
